<?xml version="1.0" encoding="UTF-8"?>
<coverage generated="1623767882650" clover="3.2.0">
  <project timestamp="1623767882650" name="All files">
    <metrics statements="24" coveredstatements="24" conditionals="2" coveredconditionals="2" methods="7" coveredmethods="7" elements="33" coveredelements="33" complexity="0" loc="24" ncloc="24" packages="1" files="3" classes="3"/>
    <file name="Itinerary.js" path="/Users/jw89/Desktop/desktopJaysMacBookPro/Coding/cruise-ship/Itinerary.js">
      <metrics statements="2" coveredstatements="2" conditionals="0" coveredconditionals="0" methods="1" coveredmethods="1"/>
      <line num="5" count="2" type="stmt"/>
      <line num="8" count="1" type="stmt"/>
    </file>
    <file name="port.js" path="/Users/jw89/Desktop/desktopJaysMacBookPro/Coding/cruise-ship/port.js">
      <metrics statements="8" coveredstatements="8" conditionals="0" coveredconditionals="0" methods="3" coveredmethods="3"/>
      <line num="2" count="3" type="stmt"/>
      <line num="3" count="3" type="stmt"/>
      <line num="4" count="3" type="stmt"/>
      <line num="5" count="2" type="stmt"/>
      <line num="7" count="3" type="stmt"/>
      <line num="8" count="1" type="stmt"/>
      <line num="9" count="1" type="stmt"/>
      <line num="13" count="1" type="stmt"/>
    </file>
    <file name="ship.js" path="/Users/jw89/Desktop/desktopJaysMacBookPro/Coding/cruise-ship/ship.js">
      <metrics statements="14" coveredstatements="14" conditionals="2" coveredconditionals="2" methods="3" coveredmethods="3"/>
      <line num="5" count="8" type="stmt"/>
      <line num="6" count="8" type="stmt"/>
      <line num="7" count="8" type="stmt"/>
      <line num="9" count="8" type="stmt"/>
      <line num="10" count="6" type="cond" truecount="2" falsecount="0"/>
      <line num="11" count="1" type="stmt"/>
      <line num="13" count="5" type="stmt"/>
      <line num="14" count="5" type="stmt"/>
      <line num="15" count="5" type="stmt"/>
      <line num="17" count="8" type="stmt"/>
      <line num="19" count="2" type="stmt"/>
      <line num="21" count="2" type="stmt"/>
      <line num="22" count="2" type="stmt"/>
      <line num="26" count="1" type="stmt"/>
    </file>
  </project>
</coverage>
