TN:
SF:Itinerary.js
FN:4,Itinerary
FNF:1
FNH:1
FNDA:2,Itinerary
DA:5,2
DA:8,1
LF:2
LH:2
BRF:0
BRH:0
end_of_record
TN:
SF:port.js
FN:1,Port
FN:4,(anonymous_1)
FN:7,(anonymous_2)
FNF:3
FNH:3
FNDA:3,Port
FNDA:2,(anonymous_1)
FNDA:1,(anonymous_2)
DA:2,3
DA:3,3
DA:4,3
DA:5,2
DA:7,3
DA:8,1
DA:9,1
DA:13,1
LF:8
LH:8
BRF:0
BRH:0
end_of_record
TN:
SF:ship.js
FN:4,Ship
FN:9,(anonymous_1)
FN:17,(anonymous_2)
FNF:3
FNH:3
FNDA:8,Ship
FNDA:6,(anonymous_1)
FNDA:2,(anonymous_2)
DA:5,8
DA:6,8
DA:7,8
DA:9,8
DA:10,6
DA:11,1
DA:13,5
DA:14,5
DA:15,5
DA:17,8
DA:19,2
DA:21,2
DA:22,2
DA:26,1
LF:14
LH:14
BRDA:10,0,0,1
BRDA:10,0,1,5
BRF:2
BRH:2
end_of_record
